"C:\Program Files\JetBrains\CLion 2021.3\bin\cmake\win\bin\cmake.exe" -DCMAKE_BUILD_TYPE=Debug "-DCMAKE_MAKE_PROGRAM=C:/Program Files/JetBrains/CLion 2021.3/bin/ninja/win/ninja.exe" "-DCMAKE_C_COMPILER=C:/Program Files (x86)/GNU Arm Embedded Toolchain/10 2021.10/bin/arm-none-eabi-gcc.exe" -G Ninja C:\Users\Zosia\Desktop\rzeczy\library\libsys
-- The C compiler identification is GNU 10.3.1
-- The CXX compiler identification is GNU 10.3.1
-- Detecting C compiler ABI info
-- Detecting C compiler ABI info - failed
-- Check for working C compiler: C:/Program Files (x86)/GNU Arm Embedded Toolchain/10 2021.10/bin/arm-none-eabi-gcc.exe
-- Check for working C compiler: C:/Program Files (x86)/GNU Arm Embedded Toolchain/10 2021.10/bin/arm-none-eabi-gcc.exe - broken
CMake Error at C:/Program Files/JetBrains/CLion 2021.3/bin/cmake/win/share/cmake-3.21/Modules/CMakeTestCCompiler.cmake:69 (message):
  The C compiler

    "C:/Program Files (x86)/GNU Arm Embedded Toolchain/10 2021.10/bin/arm-none-eabi-gcc.exe"

  is not able to compile a simple test program.

  It fails with the following output:

    Change Dir: C:/Users/Zosia/Desktop/rzeczy/library/libsys/cmake-build-debug/CMakeFiles/CMakeTmp
    
    Run Build Command(s):C:/Program Files/JetBrains/CLion 2021.3/bin/ninja/win/ninja.exe cmTC_57abc && [1/2] Building C object CMakeFiles/cmTC_57abc.dir/testCCompiler.c.obj
    [2/2] Linking C executable cmTC_57abc.exe
    FAILED: cmTC_57abc.exe 
    cmd.exe /C "cd . && C:\PROGRA~2\GNUARM~1\102021~1.10\bin\AR19DD~1.EXE   CMakeFiles/cmTC_57abc.dir/testCCompiler.c.obj -o cmTC_57abc.exe -Wl,--out-implib,libcmTC_57abc.dll.a -Wl,--major-image-version,0,--minor-image-version,0   && cd ."
    c:/progra~2/gnuarm~1/102021~1.10/bin/../lib/gcc/arm-none-eabi/10.3.1/../../../../arm-none-eabi/bin/ld.exe: unrecognized option '--major-image-version'
    c:/progra~2/gnuarm~1/102021~1.10/bin/../lib/gcc/arm-none-eabi/10.3.1/../../../../arm-none-eabi/bin/ld.exe: use the --help option for usage information
    collect2.exe: error: ld returned 1 exit status
    ninja: build stopped: subcommand failed.
    
    

  

  CMake will not be able to correctly generate this project.
Call Stack (most recent call first):
  CMakeLists.txt:2 (project)


-- Configuring incomplete, errors occurred!
See also "C:/Users/Zosia/Desktop/rzeczy/library/libsys/cmake-build-debug/CMakeFiles/CMakeOutput.log".
See also "C:/Users/Zosia/Desktop/rzeczy/library/libsys/cmake-build-debug/CMakeFiles/CMakeError.log".
